Removed Pin From Net: NetName=GND Pin=C89-2
Removed Pin From Net: NetName=VCC Pin=C98-1
Removed Pin From Net: NetName=GND Pin=C98-2
Removed Pin From Net: NetName=VCC Pin=C99-1
Removed Pin From Net: NetName=GND Pin=C99-2
Removed Pin From Net: NetName=RS485_CONT Pin=DD1-101
Removed Pin From Net: NetName=VCC Pin=DD6-12
Removed Pin From Net: NetName=GND Pin=DD6-13
Removed Pin From Net: NetName=GND Pin=DD6-36
Removed Pin From Net: NetName=VCC Pin=DD6-37
Removed Pin From Net: NetName=VCC Pin=R31-1
Removed Pin From Net: NetName=MEM_D0 Pin=R37-2
Removed Pin From Net: NetName=MEM_D2 Pin=R38-2
Removed Pin From Net: NetName=MEM_D4 Pin=R39-2
Removed Pin From Net: NetName=MEM_D6 Pin=R40-2
Removed Pin From Net: NetName=VCC Pin=R41-1
Removed Pin From Net: NetName=MEM_D1 Pin=R43-2
Removed Pin From Net: NetName=MEM_D3 Pin=R44-2
Removed Pin From Net: NetName=MEM_D5 Pin=R45-2
Removed Pin From Net: NetName=MEM_D7 Pin=R46-2
Removed Pin From Net: NetName=VCC Pin=R47-1
Removed Member From Class: ClassName=PLC1_2 Member=C89
Removed Member From Class: ClassName=PLC1_2 Member=C98
Removed Member From Class: ClassName=PLC1_2 Member=C99
Removed Member From Class: ClassName=PLC1_2 Member=DD6
Removed Member From Class: ClassName=PLC1_2 Member=R31
Removed Member From Class: ClassName=PLC1_2 Member=R37
Removed Member From Class: ClassName=PLC1_2 Member=R38
Removed Member From Class: ClassName=PLC1_2 Member=R39
Removed Member From Class: ClassName=PLC1_2 Member=R40
Removed Member From Class: ClassName=PLC1_2 Member=R41
Removed Member From Class: ClassName=PLC1_2 Member=R43
Removed Member From Class: ClassName=PLC1_2 Member=R44
Removed Member From Class: ClassName=PLC1_2 Member=R45
Removed Member From Class: ClassName=PLC1_2 Member=R46
Removed Member From Class: ClassName=PLC1_2 Member=R47
Added Pin To Net: NetName=RS485_CONT Pin=DD1-99
Added Member To Class: ClassName=PLC1_2 Member=Component R25 10k
Added Member To Class: ClassName=PLC1_2 Member=Component R26 10k
Added Member To Class: ClassName=PLC1_2 Member=Component R28 10k
Added Member To Class: ClassName=PLC1_3 Member=Component R81 10k
Added Member To Class: ClassName=PLC1_3 Member=Component R82 22
Added Member To Class: ClassName=PLC1_3 Member=Component R83 390
