Removed Member From Class: ClassName=PLC1_3 Member=R43
Removed Member From Class: ClassName=PLC1_2 Member=R44
Removed Member From Class: ClassName=PLC1_2 Member=R45
Removed Member From Class: ClassName=PLC1_2 Member=R46
Removed Member From Class: ClassName=PLC1_2 Member=R47
Removed Member From Class: ClassName=PLC1_2 Member=R58
Removed Member From Class: ClassName=PLC1_3 Member=R82
Change Component Designator: OldDesignator=C76 NewDesignator=C77
Change Component Designator: OldDesignator=C77 NewDesignator=C78
Change Component Designator: OldDesignator=C78 NewDesignator=C79
Change Component Designator: OldDesignator=C79 NewDesignator=C80
Change Component Designator: OldDesignator=C80 NewDesignator=C81
Change Component Designator: OldDesignator=C81 NewDesignator=C82
Change Component Designator: OldDesignator=C82 NewDesignator=C83
Change Component Designator: OldDesignator=C83 NewDesignator=C84
Change Component Designator: OldDesignator=C84 NewDesignator=C85
Change Component Designator: OldDesignator=C85 NewDesignator=C86
Change Component Designator: OldDesignator=C86 NewDesignator=C87
Change Component Designator: OldDesignator=C87 NewDesignator=C88
Change Component Designator: OldDesignator=C88 NewDesignator=C89
Change Component Designator: OldDesignator=C89 NewDesignator=C90
Change Component Designator: OldDesignator=C90 NewDesignator=C91
Change Component Designator: OldDesignator=C91 NewDesignator=C92
Change Component Designator: OldDesignator=C92 NewDesignator=C93
Change Component Designator: OldDesignator=C93 NewDesignator=C94
Change Component Designator: OldDesignator=C94 NewDesignator=C95
Change Component Designator: OldDesignator=C95 NewDesignator=C96
Change Component Designator: OldDesignator=C96 NewDesignator=C97
Change Component Designator: OldDesignator=C97 NewDesignator=C98
Change Component Designator: OldDesignator=C98 NewDesignator=C99
Change Component Designator: OldDesignator=C99 NewDesignator=C100
Change Component Designator: OldDesignator=C100 NewDesignator=C101
Change Component Designator: OldDesignator=C101 NewDesignator=C102
Change Component Designator: OldDesignator=C102 NewDesignator=C103
Change Component Designator: OldDesignator=C103 NewDesignator=C104
Change Component Designator: OldDesignator=C104 NewDesignator=C105
Change Component Designator: OldDesignator=C105 NewDesignator=C106
Change Component Designator: OldDesignator=C106 NewDesignator=C107
Change Component Designator: OldDesignator=C107 NewDesignator=C108
Change Component Designator: OldDesignator=C108 NewDesignator=C109
Change Component Designator: OldDesignator=C109 NewDesignator=C110
Change Component Designator: OldDesignator=C110 NewDesignator=C111
Change Component Designator: OldDesignator=C111 NewDesignator=C112
Change Component Designator: OldDesignator=C112 NewDesignator=C113
Change Component Designator: OldDesignator=C113 NewDesignator=C114
Change Component Designator: OldDesignator=C114 NewDesignator=C115
Change Component Designator: OldDesignator=C115 NewDesignator=C116
Change Component Designator: OldDesignator=C116 NewDesignator=C117
Change Component Designator: OldDesignator=C117 NewDesignator=C118
Change Component Designator: OldDesignator=C118 NewDesignator=C119
Change Component Designator: OldDesignator=C119 NewDesignator=C120
Change Component Designator: OldDesignator=C120 NewDesignator=C121
Change Component Designator: OldDesignator=C121 NewDesignator=C122
Change Component Designator: OldDesignator=C122 NewDesignator=C123
Change Component Designator: OldDesignator=C123 NewDesignator=C124
Change Component Designator: OldDesignator=C124 NewDesignator=C125
Change Component Designator: OldDesignator=C125 NewDesignator=C126
Change Component Designator: OldDesignator=C126 NewDesignator=C127
Change Component Designator: OldDesignator=C127 NewDesignator=C128
Change Component Designator: OldDesignator=C128 NewDesignator=C129
Change Component Designator: OldDesignator=C129 NewDesignator=C130
Change Component Designator: OldDesignator=C130 NewDesignator=C131
Change Component Designator: OldDesignator=R28 NewDesignator=R29
Change Component Designator: OldDesignator=R29 NewDesignator=R30
Change Component Designator: OldDesignator=R30 NewDesignator=R31
Change Component Designator: OldDesignator=R31 NewDesignator=R32
Change Component Designator: OldDesignator=R32 NewDesignator=R33
Change Component Designator: OldDesignator=R33 NewDesignator=R34
Change Component Designator: OldDesignator=R34 NewDesignator=R35
Change Component Designator: OldDesignator=R35 NewDesignator=R36
Change Component Designator: OldDesignator=R36 NewDesignator=R28
Added Component: Designator=C76(CAP_0603)
Added Pin To Net: NetName=SWCLK Pin=C76-1
Added Pin To Net: NetName=GND Pin=C76-2
Change Net Name : Old Net Name=NetC76_1 New Net Name=NetC77_1
Change Net Name : Old Net Name=NetC78_1 New Net Name=NetC79_1
Change Net Name : Old Net Name=NetC85_1 New Net Name=NetC86_1
Change Net Name : Old Net Name=NetC97_1 New Net Name=NetC98_1
Change Net Name : Old Net Name=NetC97_2 New Net Name=NetC98_2
Change Net Name : Old Net Name=NetC98_1 New Net Name=NetC99_1
Change Net Name : Old Net Name=NetC98_2 New Net Name=NetC99_2
Change Net Name : Old Net Name=NetC101_1 New Net Name=NetC102_1
Change Net Name : Old Net Name=NetC103_1 New Net Name=NetC104_1
Change Net Name : Old Net Name=NetC111_1 New Net Name=NetC112_1
Change Net Name : Old Net Name=NetC112_1 New Net Name=NetC113_1
Change Net Name : Old Net Name=NetC114_1 New Net Name=NetC115_1
Change Net Name : Old Net Name=NetC115_2 New Net Name=NetC116_2
Change Net Name : Old Net Name=NetC116_1 New Net Name=NetC117_1
Change Net Name : Old Net Name=NetC118_2 New Net Name=NetC119_2
Change Net Name : Old Net Name=NetC127_1 New Net Name=NetC128_1
Change Net Name : Old Net Name=NetC127_2 New Net Name=NetC128_2
Change Net Name : Old Net Name=NetC128_1 New Net Name=NetC129_1
Change Net Name : Old Net Name=NetC128_2 New Net Name=NetC129_2
Change Net Name : Old Net Name=NetC129_1 New Net Name=NetC130_1
Change Net Name : Old Net Name=NetC129_2 New Net Name=NetC130_2
Change Net Name : Old Net Name=NetC130_1 New Net Name=NetC131_1
Change Net Name : Old Net Name=NetC130_2 New Net Name=NetC131_2
Added Member To Class: ClassName=PLC1_2 Member=Component C96 0.1uF
Added Member To Class: ClassName=PLC1_2 Member=Component R28 51k
Added Member To Class: ClassName=PLC1_2 Member=Component R29 51k
Added Member To Class: ClassName=PLC1_2 Member=Component R30 51k
Added Member To Class: ClassName=PLC1_2 Member=Component R31 51k
Added Member To Class: ClassName=PLC1_2 Member=Component R36 Res_0402
Added Member To Class: ClassName=PLC1_3 Member=Component R77 10k
