Change Component Designator: OldDesignator=C81 NewDesignator=C80
Change Component Designator: OldDesignator=C82 NewDesignator=C81
Change Component Designator: OldDesignator=C83 NewDesignator=C82
Change Component Designator: OldDesignator=C84 NewDesignator=C83
Change Component Designator: OldDesignator=C85 NewDesignator=C84
Change Component Designator: OldDesignator=C86 NewDesignator=C85
Change Component Designator: OldDesignator=C87 NewDesignator=C86
Change Component Designator: OldDesignator=C88 NewDesignator=C87
Change Component Designator: OldDesignator=C89 NewDesignator=C88
Change Component Designator: OldDesignator=C90 NewDesignator=C89
Change Component Designator: OldDesignator=C91 NewDesignator=C90
Change Component Designator: OldDesignator=C92 NewDesignator=C91
Change Component Designator: OldDesignator=C93 NewDesignator=C92
Change Component Designator: OldDesignator=C94 NewDesignator=C93
Change Component Designator: OldDesignator=C95 NewDesignator=C94
Change Component Designator: OldDesignator=C96 NewDesignator=C95
Change Component Designator: OldDesignator=C97 NewDesignator=C96
Change Component Designator: OldDesignator=C98 NewDesignator=C97
Change Component Designator: OldDesignator=C99 NewDesignator=C98
Change Component Designator: OldDesignator=C100 NewDesignator=C99
Change Component Designator: OldDesignator=C101 NewDesignator=C100
Change Component Designator: OldDesignator=C102 NewDesignator=C101
Change Component Designator: OldDesignator=C103 NewDesignator=C102
Change Component Designator: OldDesignator=C104 NewDesignator=C103
Change Component Designator: OldDesignator=C105 NewDesignator=C104
Change Component Designator: OldDesignator=C106 NewDesignator=C105
Change Component Designator: OldDesignator=C107 NewDesignator=C106
Change Component Designator: OldDesignator=C108 NewDesignator=C107
Change Component Designator: OldDesignator=C109 NewDesignator=C108
Change Component Designator: OldDesignator=C110 NewDesignator=C109
Change Component Designator: OldDesignator=C111 NewDesignator=C110
Change Component Designator: OldDesignator=C112 NewDesignator=C111
Change Component Designator: OldDesignator=C113 NewDesignator=C112
Change Component Designator: OldDesignator=C114 NewDesignator=C113
Change Component Designator: OldDesignator=C115 NewDesignator=C114
Change Component Designator: OldDesignator=C116 NewDesignator=C115
Change Component Designator: OldDesignator=C117 NewDesignator=C116
Change Component Designator: OldDesignator=C118 NewDesignator=C117
Change Component Designator: OldDesignator=C119 NewDesignator=C118
Change Component Designator: OldDesignator=C120 NewDesignator=C119
Change Component Designator: OldDesignator=C121 NewDesignator=C120
Change Component Designator: OldDesignator=C122 NewDesignator=C121
Change Component Designator: OldDesignator=C123 NewDesignator=C122
Change Component Designator: OldDesignator=C124 NewDesignator=C123
Change Component Designator: OldDesignator=C125 NewDesignator=C124
Change Component Designator: OldDesignator=C126 NewDesignator=C125
Change Component Designator: OldDesignator=C127 NewDesignator=C126
Change Component Designator: OldDesignator=C128 NewDesignator=C127
Change Component Designator: OldDesignator=C129 NewDesignator=C128
Change Component Designator: OldDesignator=C130 NewDesignator=C129
Change Component Designator: OldDesignator=C131 NewDesignator=C130
Change Component Designator: OldDesignator=C132 NewDesignator=C131
Change Component Designator: OldDesignator=C133 NewDesignator=C132
Change Component Designator: OldDesignator=C134 NewDesignator=C133
Change Component Designator: OldDesignator=C135 NewDesignator=C134
Change Component Designator: OldDesignator=R25 NewDesignator=R27
Change Component Designator: OldDesignator=R26 NewDesignator=R29
Change Component Designator: OldDesignator=R27 NewDesignator=R30
Change Component Designator: OldDesignator=R28 NewDesignator=R31
Change Component Designator: OldDesignator=R29 NewDesignator=R32
Change Component Designator: OldDesignator=R30 NewDesignator=R33
Change Component Designator: OldDesignator=R31 NewDesignator=R34
Change Component Designator: OldDesignator=R32 NewDesignator=R35
Change Component Designator: OldDesignator=R33 NewDesignator=R36
Change Component Designator: OldDesignator=R34 NewDesignator=R37
Change Component Designator: OldDesignator=R35 NewDesignator=R38
Change Component Designator: OldDesignator=R36 NewDesignator=R39
Change Component Designator: OldDesignator=R37 NewDesignator=R40
Change Component Designator: OldDesignator=R38 NewDesignator=R41
Change Component Designator: OldDesignator=R39 NewDesignator=R42
Change Component Designator: OldDesignator=R40 NewDesignator=R43
Change Component Designator: OldDesignator=R41 NewDesignator=R44
Change Component Designator: OldDesignator=R42 NewDesignator=R45
Change Component Designator: OldDesignator=R43 NewDesignator=R46
Change Component Designator: OldDesignator=R44 NewDesignator=R47
Change Component Designator: OldDesignator=R45 NewDesignator=R48
Change Component Designator: OldDesignator=R46 NewDesignator=R49
Change Component Designator: OldDesignator=R47 NewDesignator=R50
Change Component Designator: OldDesignator=R48 NewDesignator=R51
Change Component Designator: OldDesignator=R49 NewDesignator=R52
Change Component Designator: OldDesignator=R50 NewDesignator=R53
Change Component Designator: OldDesignator=R51 NewDesignator=R54
Change Component Designator: OldDesignator=R52 NewDesignator=R55
Change Component Designator: OldDesignator=R53 NewDesignator=R56
Change Component Designator: OldDesignator=R54 NewDesignator=R57
Change Component Designator: OldDesignator=R55 NewDesignator=R58
Change Component Designator: OldDesignator=R56 NewDesignator=R59
Change Component Designator: OldDesignator=R57 NewDesignator=R60
Change Component Designator: OldDesignator=R58 NewDesignator=R61
Change Component Designator: OldDesignator=R59 NewDesignator=R62
Change Component Designator: OldDesignator=R60 NewDesignator=R63
Change Component Designator: OldDesignator=R61 NewDesignator=R64
Change Component Designator: OldDesignator=R62 NewDesignator=R65
Change Component Designator: OldDesignator=R63 NewDesignator=R66
Change Component Designator: OldDesignator=R64 NewDesignator=R67
Change Component Designator: OldDesignator=R65 NewDesignator=R68
Change Component Designator: OldDesignator=R66 NewDesignator=R69
Change Component Designator: OldDesignator=R67 NewDesignator=R70
Change Component Designator: OldDesignator=R68 NewDesignator=R71
Change Component Designator: OldDesignator=R69 NewDesignator=R72
Change Component Designator: OldDesignator=R70 NewDesignator=R73
Change Component Designator: OldDesignator=R71 NewDesignator=R74
Change Component Designator: OldDesignator=R72 NewDesignator=R75
Change Component Designator: OldDesignator=R73 NewDesignator=R76
Change Component Designator: OldDesignator=R74 NewDesignator=R77
Change Component Designator: OldDesignator=R75 NewDesignator=R78
Change Component Designator: OldDesignator=R76 NewDesignator=R79
Change Component Designator: OldDesignator=R77 NewDesignator=R80
Change Component Designator: OldDesignator=R78 NewDesignator=R81
Change Component Designator: OldDesignator=R79 NewDesignator=R82
Change Component Designator: OldDesignator=R80 NewDesignator=R83
Change Component Designator: OldDesignator=R81 NewDesignator=R84
Change Component Designator: OldDesignator=R82 NewDesignator=R85
Change Component Designator: OldDesignator=R83 NewDesignator=R86
Change Component Designator: OldDesignator=R84 NewDesignator=R87
Change Component Designator: OldDesignator=R85 NewDesignator=R88
Change Component Designator: OldDesignator=R86 NewDesignator=R89
Change Component Designator: OldDesignator=R87 NewDesignator=R90
Change Component Designator: OldDesignator=R88 NewDesignator=R91
Change Component Designator: OldDesignator=R89 NewDesignator=R92
Change Component Designator: OldDesignator=R90 NewDesignator=R93
Change Component Designator: OldDesignator=R91 NewDesignator=R94
Change Component Designator: OldDesignator=R92 NewDesignator=R95
Change Component Designator: OldDesignator=R93 NewDesignator=R96
Change Component Designator: OldDesignator=R94 NewDesignator=R97
Change Component Designator: OldDesignator=R95 NewDesignator=R98
Change Component Designator: OldDesignator=R96 NewDesignator=R99
Change Component Designator: OldDesignator=R97 NewDesignator=R100
Change Component Designator: OldDesignator=R98 NewDesignator=R101
Change Component Designator: OldDesignator=R99 NewDesignator=R102
Change Component Designator: OldDesignator=R100 NewDesignator=R103
Change Component Designator: OldDesignator=R101 NewDesignator=R104
Change Component Designator: OldDesignator=R102 NewDesignator=R105
Change Component Designator: OldDesignator=R103 NewDesignator=R106
Change Component Designator: OldDesignator=R104 NewDesignator=R107
Change Component Designator: OldDesignator=R105 NewDesignator=R108
Change Component Designator: OldDesignator=R106 NewDesignator=R109
Change Component Designator: OldDesignator=R107 NewDesignator=R110
Change Component Designator: OldDesignator=R108 NewDesignator=R111
Change Component Designator: OldDesignator=R109 NewDesignator=R112
Change Component Designator: OldDesignator=R110 NewDesignator=R113
Change Component Designator: OldDesignator=R111 NewDesignator=R114
Change Component Designator: OldDesignator=R112 NewDesignator=R115
Change Component Designator: OldDesignator=R113 NewDesignator=R116
Change Component Designator: OldDesignator=R114 NewDesignator=R117
Change Component Designator: OldDesignator=R115 NewDesignator=R118
Change Component Designator: OldDesignator=R116 NewDesignator=R119
Change Component Designator: OldDesignator=VCC NewDesignator=TP4
Added Component: Designator=R25(RES_0603)
Added Component: Designator=R26(RES_0603)
Added Component: Designator=R28(RES_0603)
Added Pin To Net: NetName=SWO Pin=R25-1
Added Pin To Net: NetName=VCC Pin=R25-2
Added Pin To Net: NetName=SWDIO Pin=R26-1
Added Pin To Net: NetName=VCC Pin=R26-2
Added Pin To Net: NetName=GND Pin=R28-1
Added Pin To Net: NetName=SWCLK Pin=R28-2
Change Net Name : Old Net Name=NetC81_1 New Net Name=NetC80_1
Change Net Name : Old Net Name=NetC83_1 New Net Name=NetC82_1
Change Net Name : Old Net Name=NetC90_1 New Net Name=NetC89_1
Change Net Name : Old Net Name=NetC102_1 New Net Name=NetC101_1
Change Net Name : Old Net Name=NetC102_2 New Net Name=NetC101_2
Change Net Name : Old Net Name=NetC103_1 New Net Name=NetC102_1
Change Net Name : Old Net Name=NetC103_2 New Net Name=NetC102_2
Change Net Name : Old Net Name=NetC106_1 New Net Name=NetC105_1
Change Net Name : Old Net Name=NetC108_1 New Net Name=NetC107_1
Change Net Name : Old Net Name=NetC116_1 New Net Name=NetC115_1
Change Net Name : Old Net Name=NetC117_1 New Net Name=NetC116_1
Change Net Name : Old Net Name=NetC119_1 New Net Name=NetC118_1
Change Net Name : Old Net Name=NetC120_2 New Net Name=NetC119_2
Change Net Name : Old Net Name=NetC121_1 New Net Name=NetC120_1
Change Net Name : Old Net Name=NetC123_2 New Net Name=NetC122_2
Change Net Name : Old Net Name=NetC132_1 New Net Name=NetC131_1
Change Net Name : Old Net Name=NetC132_2 New Net Name=NetC131_2
Change Net Name : Old Net Name=NetC133_1 New Net Name=NetC132_1
Change Net Name : Old Net Name=NetC133_2 New Net Name=NetC132_2
Change Net Name : Old Net Name=NetC134_1 New Net Name=NetC133_1
Change Net Name : Old Net Name=NetC134_2 New Net Name=NetC133_2
Change Net Name : Old Net Name=NetC135_1 New Net Name=NetC134_1
Change Net Name : Old Net Name=NetC135_2 New Net Name=NetC134_2
Change Net Name : Old Net Name=NetR25_1 New Net Name=NetR27_1
Change Net Name : Old Net Name=NetR47_2 New Net Name=NetR50_2
Change Net Name : Old Net Name=NetR48_2 New Net Name=NetR51_2
Change Net Name : Old Net Name=NetR49_2 New Net Name=NetR52_2
Change Net Name : Old Net Name=NetR57_2 New Net Name=NetR60_2
Change Net Name : Old Net Name=NetR59_2 New Net Name=NetR62_2
Change Net Name : Old Net Name=NetR60_2 New Net Name=NetR63_2
Change Net Name : Old Net Name=NetR61_1 New Net Name=NetR64_1
Change Net Name : Old Net Name=NetR62_1 New Net Name=NetR65_1
Change Net Name : Old Net Name=NetR63_1 New Net Name=NetR66_1
Change Net Name : Old Net Name=NetR64_1 New Net Name=NetR67_1
Change Net Name : Old Net Name=NetR73_1 New Net Name=NetR76_1
Change Net Name : Old Net Name=NetR75_1 New Net Name=NetR78_1
Change Net Name : Old Net Name=NetR76_2 New Net Name=NetR79_2
Change Net Name : Old Net Name=NetR78_1 New Net Name=NetR81_1
Change Net Name : Old Net Name=NetR79_2 New Net Name=NetR82_2
Change Net Name : Old Net Name=NetR80_1 New Net Name=NetR83_1
Added Member To Class: ClassName=PLC1_2 Member=Component R45 Res_0402
Added Member To Class: ClassName=PLC1_2 Member=Component R46 Res_0402
Added Member To Class: ClassName=PLC1_2 Member=Component R47 4,7k
