Removed Pin From Net: NetName=NetC77_1 Pin=C81-1
Removed Pin From Net: NetName=GND Pin=C81-2
Change Component Footprint: Designator=C81 Old Footprint=CAP_0603 New Footprint=CI1106Ì1V
Change Component Comment : Designator=C81 Old Comment=0.1uF New Comment=Connectror 6pin CI1106M1V
Change Component Designator: OldDesignator=-7V NewDesignator=TP8
Change Component Designator: OldDesignator=1,8VA NewDesignator=TP5
Change Component Designator: OldDesignator=1,8VD NewDesignator=TP6
Change Component Designator: OldDesignator=5V NewDesignator=TP2
Change Component Designator: OldDesignator=10,4V NewDesignator=TP1
Change Component Designator: OldDesignator=16V NewDesignator=TP7
Change Component Designator: OldDesignator=C37 NewDesignator=C38
Change Component Designator: OldDesignator=C38 NewDesignator=C37
Change Component Designator: OldDesignator=C81 NewDesignator=XP1
Change Component Designator: OldDesignator=LEDV NewDesignator=TP3
Change Component Designator: OldDesignator=VCC NewDesignator=TP4
Change Component Designator: OldDesignator=XP1 NewDesignator=XP2
Change Component Designator: OldDesignator=XP2 NewDesignator=XP3
Change Component Designator: OldDesignator=XP3 NewDesignator=XP4
Change Component Designator: OldDesignator=XP4 NewDesignator=XP5
Change Component Designator: OldDesignator=XP5 NewDesignator=XP6
Change Component Designator: OldDesignator=XP6 NewDesignator=XP7
Change Component Designator: OldDesignator=XP7 NewDesignator=XP8
Change Component Designator: OldDesignator=XP8 NewDesignator=XP9
Change Component Designator: OldDesignator=XP9 NewDesignator=XP10
Added Component: Designator=C81(CAP_0603)
Added Pin To Net: NetName=NetC77_1 Pin=C81-1
Added Pin To Net: NetName=GND Pin=C81-2
Added Pin To Net: NetName=VCC Pin=XP1-1
Added Pin To Net: NetName=SWCLK Pin=XP1-2
Added Pin To Net: NetName=SWDIO Pin=XP1-3
Added Pin To Net: NetName=SWO Pin=XP1-4
Added Pin To Net: NetName=NetC77_1 Pin=XP1-5
Added Pin To Net: NetName=GND Pin=XP1-6
Change Net Name : Old Net Name=NetC37_1 New Net Name=NetC38_1
Change Net Name : Old Net Name=NetC38_1 New Net Name=NetC37_1
Change Net Name : Old Net Name=NetC38_2 New Net Name=NetC37_2
Change Net Name : Old Net Name=NetC77_1 New Net Name=NRST
Added Member To Class: ClassName=PLC1_2 Member=Component XP1 Connectror 6pin CI1106M1V
