Removed Member From Class: ClassName=PLC1_2 Member=R52
Removed Member From Class: ClassName=PLC1_2 Member=R53
Removed Member From Class: ClassName=PLC1_3 Member=R85
Removed Member From Class: ClassName=PLC1_3 Member=R87
Change Component Designator: OldDesignator=R15 NewDesignator=R18
Change Component Designator: OldDesignator=R16 NewDesignator=R15
Change Component Designator: OldDesignator=R17 NewDesignator=R19
Change Component Designator: OldDesignator=R18 NewDesignator=R20
Change Component Designator: OldDesignator=R19 NewDesignator=R21
Change Component Designator: OldDesignator=R20 NewDesignator=R22
Change Component Designator: OldDesignator=R21 NewDesignator=R23
Change Component Designator: OldDesignator=R22 NewDesignator=R24
Change Component Designator: OldDesignator=R23 NewDesignator=R25
Change Component Designator: OldDesignator=R24 NewDesignator=R26
Change Component Designator: OldDesignator=R25 NewDesignator=R27
Change Component Designator: OldDesignator=R26 NewDesignator=R28
Change Component Designator: OldDesignator=R27 NewDesignator=R29
Change Component Designator: OldDesignator=R28 NewDesignator=R30
Change Component Designator: OldDesignator=R29 NewDesignator=R31
Change Component Designator: OldDesignator=R30 NewDesignator=R32
Change Component Designator: OldDesignator=R31 NewDesignator=R33
Change Component Designator: OldDesignator=R32 NewDesignator=R34
Change Component Designator: OldDesignator=R33 NewDesignator=R35
Change Component Designator: OldDesignator=R34 NewDesignator=R36
Change Component Designator: OldDesignator=R35 NewDesignator=R37
Change Component Designator: OldDesignator=R36 NewDesignator=R38
Change Component Designator: OldDesignator=R37 NewDesignator=R39
Change Component Designator: OldDesignator=R38 NewDesignator=R40
Change Component Designator: OldDesignator=R39 NewDesignator=R41
Change Component Designator: OldDesignator=R40 NewDesignator=R42
Change Component Designator: OldDesignator=R41 NewDesignator=R43
Change Component Designator: OldDesignator=R42 NewDesignator=R44
Change Component Designator: OldDesignator=R43 NewDesignator=R45
Change Component Designator: OldDesignator=R44 NewDesignator=R46
Change Component Designator: OldDesignator=R45 NewDesignator=R47
Change Component Designator: OldDesignator=R46 NewDesignator=R48
Change Component Designator: OldDesignator=R47 NewDesignator=R49
Change Component Designator: OldDesignator=R48 NewDesignator=R50
Change Component Designator: OldDesignator=R49 NewDesignator=R51
Change Component Designator: OldDesignator=R50 NewDesignator=R52
Change Component Designator: OldDesignator=R51 NewDesignator=R53
Change Component Designator: OldDesignator=R52 NewDesignator=R54
Change Component Designator: OldDesignator=R53 NewDesignator=R55
Change Component Designator: OldDesignator=R54 NewDesignator=R56
Change Component Designator: OldDesignator=R55 NewDesignator=R57
Change Component Designator: OldDesignator=R56 NewDesignator=R58
Change Component Designator: OldDesignator=R57 NewDesignator=R59
Change Component Designator: OldDesignator=R58 NewDesignator=R60
Change Component Designator: OldDesignator=R59 NewDesignator=R61
Change Component Designator: OldDesignator=R60 NewDesignator=R62
Change Component Designator: OldDesignator=R61 NewDesignator=R63
Change Component Designator: OldDesignator=R62 NewDesignator=R64
Change Component Designator: OldDesignator=R63 NewDesignator=R65
Change Component Designator: OldDesignator=R64 NewDesignator=R66
Change Component Designator: OldDesignator=R65 NewDesignator=R67
Change Component Designator: OldDesignator=R66 NewDesignator=R68
Change Component Designator: OldDesignator=R67 NewDesignator=R69
Change Component Designator: OldDesignator=R68 NewDesignator=R70
Change Component Designator: OldDesignator=R69 NewDesignator=R71
Change Component Designator: OldDesignator=R70 NewDesignator=R72
Change Component Designator: OldDesignator=R71 NewDesignator=R73
Change Component Designator: OldDesignator=R72 NewDesignator=R74
Change Component Designator: OldDesignator=R73 NewDesignator=R75
Change Component Designator: OldDesignator=R74 NewDesignator=R76
Change Component Designator: OldDesignator=R75 NewDesignator=R77
Change Component Designator: OldDesignator=R76 NewDesignator=R78
Change Component Designator: OldDesignator=R77 NewDesignator=R79
Change Component Designator: OldDesignator=R78 NewDesignator=R80
Change Component Designator: OldDesignator=R79 NewDesignator=R81
Change Component Designator: OldDesignator=R80 NewDesignator=R82
Change Component Designator: OldDesignator=R81 NewDesignator=R83
Change Component Designator: OldDesignator=R82 NewDesignator=R84
Change Component Designator: OldDesignator=R83 NewDesignator=R85
Change Component Designator: OldDesignator=R84 NewDesignator=R86
Change Component Designator: OldDesignator=R85 NewDesignator=R87
Change Component Designator: OldDesignator=R86 NewDesignator=R88
Change Component Designator: OldDesignator=R87 NewDesignator=R89
Change Component Designator: OldDesignator=R88 NewDesignator=R90
Change Component Designator: OldDesignator=R89 NewDesignator=R91
Change Component Designator: OldDesignator=R90 NewDesignator=R92
Change Component Designator: OldDesignator=R91 NewDesignator=R93
Change Component Designator: OldDesignator=R92 NewDesignator=R94
Change Component Designator: OldDesignator=R93 NewDesignator=R95
Change Component Designator: OldDesignator=R94 NewDesignator=R96
Change Component Designator: OldDesignator=R95 NewDesignator=R97
Change Component Designator: OldDesignator=R96 NewDesignator=R98
Change Component Designator: OldDesignator=R97 NewDesignator=R99
Change Component Designator: OldDesignator=R98 NewDesignator=R100
Change Component Designator: OldDesignator=R99 NewDesignator=R101
Change Component Designator: OldDesignator=R100 NewDesignator=R102
Change Component Designator: OldDesignator=R101 NewDesignator=R103
Change Component Designator: OldDesignator=R102 NewDesignator=R104
Change Component Designator: OldDesignator=R103 NewDesignator=R105
Change Component Designator: OldDesignator=R104 NewDesignator=R106
Change Component Designator: OldDesignator=R105 NewDesignator=R107
Change Component Designator: OldDesignator=R106 NewDesignator=R108
Change Component Designator: OldDesignator=R107 NewDesignator=R109
Change Component Designator: OldDesignator=R108 NewDesignator=R110
Change Component Designator: OldDesignator=R109 NewDesignator=R111
Change Component Designator: OldDesignator=R110 NewDesignator=R112
Change Component Designator: OldDesignator=R111 NewDesignator=R113
Change Component Designator: OldDesignator=R112 NewDesignator=R114
Change Component Designator: OldDesignator=R113 NewDesignator=R115
Change Component Designator: OldDesignator=R114 NewDesignator=R116
Change Component Designator: OldDesignator=R115 NewDesignator=R117
Change Component Designator: OldDesignator=R116 NewDesignator=R118
Change Component Designator: OldDesignator=R117 NewDesignator=R119
Change Component Designator: OldDesignator=R118 NewDesignator=R120
Change Component Designator: OldDesignator=R119 NewDesignator=R121
Added Component: Designator=R16(RES_0402)
Added Component: Designator=R17(RES_0402)
Added Pin To Net: NetName=NetDD2_5 Pin=R16-1
Added Pin To Net: NetName=I2C4_SDA Pin=R16-2
Added Pin To Net: NetName=NetDD2_6 Pin=R17-1
Added Pin To Net: NetName=I2C4_SCL Pin=R17-2
Change Net Name : Old Net Name=NetR20_2 New Net Name=NetR22_2
Change Net Name : Old Net Name=NetR21_1 New Net Name=NetR23_1
Change Net Name : Old Net Name=NetR35_1 New Net Name=NetR37_1
Change Net Name : Old Net Name=NetR47_2 New Net Name=NetR49_2
Change Net Name : Old Net Name=NetR48_2 New Net Name=NetR50_2
Change Net Name : Old Net Name=NetR49_2 New Net Name=NetR51_2
Change Net Name : Old Net Name=NetR56_2 New Net Name=NetR58_2
Change Net Name : Old Net Name=NetR58_2 New Net Name=NetR60_2
Change Net Name : Old Net Name=NetR59_2 New Net Name=NetR61_2
Change Net Name : Old Net Name=NetR60_1 New Net Name=NetR62_1
Change Net Name : Old Net Name=NetR61_1 New Net Name=NetR63_1
Change Net Name : Old Net Name=NetR62_1 New Net Name=NetR64_1
Change Net Name : Old Net Name=NetR63_1 New Net Name=NetR65_1
Change Net Name : Old Net Name=NetR68_2 New Net Name=NetR70_2
Change Net Name : Old Net Name=NetR74_1 New Net Name=NetR76_1
Change Net Name : Old Net Name=NetR76_1 New Net Name=NetR78_1
Change Net Name : Old Net Name=NetR77_2 New Net Name=NetR79_2
Change Net Name : Old Net Name=NetR80_1 New Net Name=NetR82_1
Change Net Name : Old Net Name=NetR81_2 New Net Name=NetR83_2
Change Net Name : Old Net Name=NetR82_1 New Net Name=NetR84_1
Added Member To Class: ClassName=PLC1_2 Member=Component R25 Res_0402
Added Member To Class: ClassName=PLC1_2 Member=Component R31 4,7k
Added Member To Class: ClassName=PLC1_2 Member=Component R32 4,7k
Added Member To Class: ClassName=PLC1_2 Member=Component R46 4,7k
Added Member To Class: ClassName=PLC1_3 Member=Component R47 10k
Added Member To Class: ClassName=PLC1_3 Member=Component R84 390
Added Member To Class: ClassName=PLC1_4 Member=Component R85 Res_0402
Added Member To Class: ClassName=PLC1_4 Member=Component R120 75
Added Member To Class: ClassName=PLC1_4 Member=Component R121 75
