Removed Pin From Net: NetName=I2C2_SCL Pin=DD2-4
Removed Pin From Net: NetName=I2C2_SCL Pin=DD2-4
Removed Pin From Net: NetName=I2C2_SDA Pin=DD2-5
Removed Pin From Net: NetName=I2C2_SDA Pin=DD2-5
Removed Pin From Net: NetName=I2C2_SDA Pin=DD3-5
Removed Pin From Net: NetName=I2C2_SCL Pin=DD3-6
Removed Pin From Net: NetName=NetR53_1 Pin=R53-1
Removed Pin From Net: NetName=NetR54_1 Pin=R54-1
Removed Pin From Net: NetName=NetR55_1 Pin=R55-1
Removed Pin From Net: NetName=NetR68_2 Pin=R68-2
Removed Pin From Net: NetName=SWCLK Pin=XP10-14
Removed Pin From Net: NetName=SWDIO Pin=XP10-15
Removed Pin From Net: NetName=SWO Pin=XP10-16
Removed Pin From Net: NetName=NetR53_1 Pin=XS4-1
Removed Pin From Net: NetName=NetR54_1 Pin=XS4-2
Removed Pin From Net: NetName=NetR55_1 Pin=XS4-3
Removed Pin From Net: NetName=NetR56_1 Pin=XS4-4
Removed Pin From Net: NetName=COL1 Pin=XS4-5
Removed Pin From Net: NetName=COL2 Pin=XS4-6
Removed Pin From Net: NetName=NetR68_2 Pin=XS4-7
Removed Pin From Net: NetName=LEDK Pin=XS4-8
Removed Member From Class: ClassName=PLC1_3 Member=C96
Removed Member From Class: ClassName=PLC1_4 Member=C115
Removed Member From Class: ClassName=PLC1_4 Member=DD11
Removed Member From Class: ClassName=PLC1_4 Member=R46
Removed Member From Class: ClassName=PLC1_4 Member=R63
Removed Member From Class: ClassName=PLC1_4 Member=R64
Removed Member From Class: ClassName=PLC1_4 Member=R71
Change Component Footprint: Designator=XS4 Old Footprint=0522710879 New Footprint=Res_0603
Change Component Comment : Designator=XS4 Old Comment=0522710879 New Comment=4,7k
Change Component Designator: OldDesignator=C80 NewDesignator=C81
Change Component Designator: OldDesignator=C81 NewDesignator=C82
Change Component Designator: OldDesignator=C82 NewDesignator=C83
Change Component Designator: OldDesignator=C83 NewDesignator=C84
Change Component Designator: OldDesignator=C84 NewDesignator=C85
Change Component Designator: OldDesignator=C85 NewDesignator=C86
Change Component Designator: OldDesignator=C86 NewDesignator=C87
Change Component Designator: OldDesignator=C87 NewDesignator=C88
Change Component Designator: OldDesignator=C88 NewDesignator=C89
Change Component Designator: OldDesignator=C89 NewDesignator=C90
Change Component Designator: OldDesignator=C90 NewDesignator=C91
Change Component Designator: OldDesignator=C91 NewDesignator=C92
Change Component Designator: OldDesignator=C92 NewDesignator=C93
Change Component Designator: OldDesignator=C93 NewDesignator=C94
Change Component Designator: OldDesignator=C94 NewDesignator=C95
Change Component Designator: OldDesignator=C95 NewDesignator=C96
Change Component Designator: OldDesignator=C96 NewDesignator=C97
Change Component Designator: OldDesignator=C97 NewDesignator=C98
Change Component Designator: OldDesignator=C98 NewDesignator=C99
Change Component Designator: OldDesignator=C99 NewDesignator=C100
Change Component Designator: OldDesignator=C100 NewDesignator=C101
Change Component Designator: OldDesignator=C101 NewDesignator=C102
Change Component Designator: OldDesignator=C102 NewDesignator=C103
Change Component Designator: OldDesignator=C103 NewDesignator=C104
Change Component Designator: OldDesignator=C104 NewDesignator=C105
Change Component Designator: OldDesignator=C105 NewDesignator=C112
Change Component Designator: OldDesignator=C111 NewDesignator=C80
Change Component Designator: OldDesignator=C112 NewDesignator=C111
Change Component Designator: OldDesignator=R16 NewDesignator=R18
Change Component Designator: OldDesignator=R17 NewDesignator=R20
Change Component Designator: OldDesignator=R18 NewDesignator=R21
Change Component Designator: OldDesignator=R19 NewDesignator=R22
Change Component Designator: OldDesignator=R20 NewDesignator=R25
Change Component Designator: OldDesignator=R21 NewDesignator=R26
Change Component Designator: OldDesignator=R22 NewDesignator=R27
Change Component Designator: OldDesignator=R23 NewDesignator=R28
Change Component Designator: OldDesignator=R25 NewDesignator=R30
Change Component Designator: OldDesignator=R26 NewDesignator=R31
Change Component Designator: OldDesignator=R27 NewDesignator=R32
Change Component Designator: OldDesignator=R28 NewDesignator=R33
Change Component Designator: OldDesignator=R29 NewDesignator=R34
Change Component Designator: OldDesignator=R30 NewDesignator=R35
Change Component Designator: OldDesignator=R31 NewDesignator=R36
Change Component Designator: OldDesignator=R32 NewDesignator=R37
Change Component Designator: OldDesignator=R33 NewDesignator=R38
Change Component Designator: OldDesignator=R34 NewDesignator=R39
Change Component Designator: OldDesignator=R35 NewDesignator=R40
Change Component Designator: OldDesignator=R36 NewDesignator=R41
Change Component Designator: OldDesignator=R37 NewDesignator=R42
Change Component Designator: OldDesignator=R38 NewDesignator=R43
Change Component Designator: OldDesignator=R39 NewDesignator=R44
Change Component Designator: OldDesignator=R40 NewDesignator=R45
Change Component Designator: OldDesignator=R41 NewDesignator=R46
Change Component Designator: OldDesignator=R42 NewDesignator=R47
Change Component Designator: OldDesignator=R43 NewDesignator=R48
Change Component Designator: OldDesignator=R44 NewDesignator=R49
Change Component Designator: OldDesignator=R45 NewDesignator=R50
Change Component Designator: OldDesignator=R46 NewDesignator=R76
Change Component Designator: OldDesignator=R47 NewDesignator=R51
Change Component Designator: OldDesignator=R48 NewDesignator=R52
Change Component Designator: OldDesignator=R49 NewDesignator=R53
Change Component Designator: OldDesignator=R50 NewDesignator=R54
Change Component Designator: OldDesignator=R51 NewDesignator=R55
Change Component Designator: OldDesignator=R52 NewDesignator=R56
Change Component Designator: OldDesignator=R53 NewDesignator=R57
Change Component Designator: OldDesignator=R54 NewDesignator=R58
Change Component Designator: OldDesignator=R55 NewDesignator=R59
Change Component Designator: OldDesignator=R56 NewDesignator=R60
Change Component Designator: OldDesignator=R57 NewDesignator=R61
Change Component Designator: OldDesignator=R58 NewDesignator=R62
Change Component Designator: OldDesignator=R59 NewDesignator=R63
Change Component Designator: OldDesignator=R60 NewDesignator=R64
Change Component Designator: OldDesignator=R61 NewDesignator=R66
Change Component Designator: OldDesignator=R62 NewDesignator=R67
Change Component Designator: OldDesignator=R63 NewDesignator=R68
Change Component Designator: OldDesignator=R64 NewDesignator=R69
Change Component Designator: OldDesignator=R65 NewDesignator=R71
Change Component Designator: OldDesignator=R66 NewDesignator=R72
Change Component Designator: OldDesignator=R67 NewDesignator=R73
Change Component Designator: OldDesignator=R68 NewDesignator=R74
Change Component Designator: OldDesignator=R69 NewDesignator=R75
Change Component Designator: OldDesignator=R70 NewDesignator=R77
Change Component Designator: OldDesignator=R71 NewDesignator=R78
Change Component Designator: OldDesignator=R72 NewDesignator=R79
Change Component Designator: OldDesignator=R73 NewDesignator=R80
Change Component Designator: OldDesignator=R74 NewDesignator=R81
Change Component Designator: OldDesignator=R75 NewDesignator=R82
Change Component Designator: OldDesignator=R76 NewDesignator=R83
Change Component Designator: OldDesignator=R77 NewDesignator=R84
Change Component Designator: OldDesignator=R78 NewDesignator=R85
Change Component Designator: OldDesignator=R79 NewDesignator=R86
Change Component Designator: OldDesignator=R80 NewDesignator=R87
Change Component Designator: OldDesignator=R81 NewDesignator=R88
Change Component Designator: OldDesignator=R82 NewDesignator=R89
Change Component Designator: OldDesignator=R83 NewDesignator=R90
Change Component Designator: OldDesignator=R84 NewDesignator=R91
Change Component Designator: OldDesignator=R85 NewDesignator=R92
Change Component Designator: OldDesignator=R86 NewDesignator=R93
Change Component Designator: OldDesignator=R87 NewDesignator=R94
Change Component Designator: OldDesignator=R88 NewDesignator=R95
Change Component Designator: OldDesignator=R89 NewDesignator=R96
Change Component Designator: OldDesignator=R90 NewDesignator=R97
Change Component Designator: OldDesignator=R91 NewDesignator=R98
Change Component Designator: OldDesignator=R92 NewDesignator=R99
Change Component Designator: OldDesignator=R93 NewDesignator=R100
Change Component Designator: OldDesignator=R94 NewDesignator=R101
Change Component Designator: OldDesignator=R95 NewDesignator=R102
Change Component Designator: OldDesignator=R96 NewDesignator=R103
Change Component Designator: OldDesignator=R97 NewDesignator=R104
Change Component Designator: OldDesignator=R98 NewDesignator=R105
Change Component Designator: OldDesignator=R99 NewDesignator=R106
Change Component Designator: OldDesignator=R100 NewDesignator=R107
Change Component Designator: OldDesignator=R101 NewDesignator=R108
Change Component Designator: OldDesignator=R102 NewDesignator=R109
Change Component Designator: OldDesignator=R103 NewDesignator=R110
Change Component Designator: OldDesignator=R104 NewDesignator=R111
Change Component Designator: OldDesignator=R105 NewDesignator=R112
Change Component Designator: OldDesignator=R106 NewDesignator=R113
Change Component Designator: OldDesignator=R107 NewDesignator=R114
Change Component Designator: OldDesignator=R108 NewDesignator=R115
Change Component Designator: OldDesignator=R109 NewDesignator=R116
Change Component Designator: OldDesignator=VT3 NewDesignator=VT4
Change Component Designator: OldDesignator=VT4 NewDesignator=VT5
Change Component Designator: OldDesignator=VT5 NewDesignator=VT6
Change Component Designator: OldDesignator=XP7 NewDesignator=XP6
Change Component Designator: OldDesignator=XP8 NewDesignator=XP7
Change Component Designator: OldDesignator=XP9 NewDesignator=XP8
Change Component Designator: OldDesignator=XP10 NewDesignator=XP9
Change Component Designator: OldDesignator=XS4 NewDesignator=R29
Added Component: Designator=R16(RES_0402)
Added Component: Designator=R17(RES_0402)
Added Component: Designator=R19(RES_0402)
Added Component: Designator=R23(RES_0402)
Added Component: Designator=R65(RES_0603)
Added Component: Designator=R70(RES_0603)
Added Component: Designator=VT3(SOT-23)
Added Component: Designator=XS4(522711079)
Added Pin To Net: NetName=I2C2_SCL Pin=DD1-100
Added Pin To Net: NetName=I2C2_SDA Pin=R16-2
Added Pin To Net: NetName=I2C2_SCL Pin=R17-2
Added Pin To Net: NetName=I2C2_SCL Pin=R19-2
Added Pin To Net: NetName=I2C2_SDA Pin=R23-2
Added Pin To Net: NetName=I2C2_SCL Pin=R29-1
Added Pin To Net: NetName=VCC Pin=R29-2
Added Pin To Net: NetName=NetR68_2 Pin=R59-1
Added Pin To Net: NetName=NetR55_1 Pin=R65-2
Added Pin To Net: NetName=GND Pin=R70-1
Added Pin To Net: NetName=NetR55_1 Pin=R70-2
Added Pin To Net: NetName=NetR54_1 Pin=R74-2
Added Pin To Net: NetName=NetR55_1 Pin=VT3-1
Added Pin To Net: NetName=GND Pin=VT3-2
Added Pin To Net: NetName=NetR53_1 Pin=VT3-3
Added Pin To Net: NetName=VCC Pin=XP9-14
Added Pin To Net: NetName=1W_TEMP Pin=XP9-15
Added Pin To Net: NetName=NRST Pin=XP9-16
Added Pin To Net: NetName=NetR68_2 Pin=XS4-3
Added Pin To Net: NetName=NetR56_1 Pin=XS4-4
Added Pin To Net: NetName=COL1 Pin=XS4-5
Added Pin To Net: NetName=COL2 Pin=XS4-6
Added Pin To Net: NetName=NetR54_1 Pin=XS4-7
Added Pin To Net: NetName=LEDK Pin=XS4-8
Added Pin To Net: NetName=VDD_5V Pin=XS4-9
Added Pin To Net: NetName=NetR53_1 Pin=XS4-10
Change Net Name : Old Net Name=NetC80_1 New Net Name=NetC81_1
Change Net Name : Old Net Name=NetC82_1 New Net Name=NetC83_1
Change Net Name : Old Net Name=NetC98_1 New Net Name=NetC99_1
Change Net Name : Old Net Name=NetC98_2 New Net Name=NetC99_2
Change Net Name : Old Net Name=NetC99_1 New Net Name=NetC100_1
Change Net Name : Old Net Name=NetC99_2 New Net Name=NetC100_2
Change Net Name : Old Net Name=NetC102_1 New Net Name=NetC103_1
Change Net Name : Old Net Name=NetC104_1 New Net Name=NetC105_1
Change Net Name : Old Net Name=NetC112_1 New Net Name=NetC111_1
Change Net Name : Old Net Name=NetR17_2 New Net Name=NetR20_2
Change Net Name : Old Net Name=NetR18_1 New Net Name=NetR21_1
Change Net Name : Old Net Name=NetR27_1 New Net Name=NetR32_1
Change Net Name : Old Net Name=NetR39_2 New Net Name=NetR44_2
Change Net Name : Old Net Name=NetR40_2 New Net Name=NetR45_2
Change Net Name : Old Net Name=NetR41_2 New Net Name=NetR46_2
Change Net Name : Old Net Name=NetR49_2 New Net Name=NetR53_2
Change Net Name : Old Net Name=NetR51_2 New Net Name=NetR55_2
Change Net Name : Old Net Name=NetR52_2 New Net Name=NetR56_2
Change Net Name : Old Net Name=NetR53_1 New Net Name=NetVT3_3
Change Net Name : Old Net Name=NetR54_1 New Net Name=NetR74_2
Change Net Name : Old Net Name=NetR55_1 New Net Name=NetR65_2
Change Net Name : Old Net Name=NetR56_1 New Net Name=NetR60_1
Change Net Name : Old Net Name=NetR65_1 New Net Name=NetR71_1
Change Net Name : Old Net Name=NetR67_1 New Net Name=NetR73_1
Change Net Name : Old Net Name=NetR68_2 New Net Name=NetR59_1
Change Net Name : Old Net Name=NetR70_1 New Net Name=NetR77_1
Change Net Name : Old Net Name=NetR71_2 New Net Name=NetR78_2
Change Net Name : Old Net Name=NetR72_1 New Net Name=NetR79_1
Added Pin To Net: NetName=DRIVE_LUM Pin=DD1-94
Added Pin To Net: NetName=DRIVE_LUM Pin=R65-1
Added Net: Name=DRIVE_LUM
Added Pin To Net: NetName=I2C4_SDA Pin=DD1-101
Added Net: Name=I2C4_SDA
Added Pin To Net: NetName=NetDD2_4 Pin=DD2-4
Added Pin To Net: NetName=NetDD2_4 Pin=DD2-4
Added Pin To Net: NetName=NetDD2_4 Pin=R19-1
Added Net: Name=NetDD2_4
Added Pin To Net: NetName=NetDD2_5 Pin=DD2-5
Added Pin To Net: NetName=NetDD2_5 Pin=DD2-5
Added Pin To Net: NetName=NetDD2_5 Pin=R23-1
Added Net: Name=NetDD2_5
Added Pin To Net: NetName=NetDD3_5 Pin=DD3-5
Added Pin To Net: NetName=NetDD3_5 Pin=R16-1
Added Net: Name=NetDD3_5
Added Pin To Net: NetName=NetDD3_6 Pin=DD3-6
Added Pin To Net: NetName=NetDD3_6 Pin=R17-1
Added Net: Name=NetDD3_6
Added Pin To Net: NetName=NetR57_1 Pin=R57-1
Added Pin To Net: NetName=NetR57_1 Pin=XS4-1
Added Net: Name=NetR57_1
Added Pin To Net: NetName=NetR58_1 Pin=R58-1
Added Pin To Net: NetName=NetR58_1 Pin=XS4-2
Added Net: Name=NetR58_1
Added Member To Class: ClassName=PLC1_2 Member=Component C97 0.1uF
Added Member To Class: ClassName=PLC1_4 Member=Component C118 0.1uF
Added Member To Class: ClassName=PLC1_4 Member=Component DD12 TW8819-NA2-CRT
Added Member To Class: ClassName=PLC1_2 Member=Component R37 51k
Added Member To Class: ClassName=PLC1_2 Member=Component R38 51k
Added Member To Class: ClassName=PLC1_2 Member=Component R39 51k
Added Member To Class: ClassName=PLC1_2 Member=Component R40 51k
Added Member To Class: ClassName=PLC1_2 Member=Component R41 4,7k
Added Member To Class: ClassName=PLC1_3 Member=Component R77 10k
Added Member To Class: ClassName=PLC1_3 Member=Component R78 22
Added Member To Class: ClassName=PLC1_4 Member=Component R82 Res_0402
Added Member To Class: ClassName=PLC1_4 Member=Component R110 Res_0402
Added Member To Class: ClassName=PLC1_4 Member=Component R114 75
Added Member To Class: ClassName=PLC1_4 Member=Component R116 75
