Removed Pin From Net: NetName=NetDD2_4 Pin=DD2-4
Removed Pin From Net: NetName=NetDD2_4 Pin=DD2-4
Removed Pin From Net: NetName=NetDD2_5 Pin=DD2-5
Removed Pin From Net: NetName=NetDD2_5 Pin=DD2-5
Removed Pin From Net: NetName=NetDD2_4 Pin=R19-1
Removed Pin From Net: NetName=NetDD2_5 Pin=R23-1
Removed Pin From Net: NetName=I2C2_SCL Pin=R29-1
Removed Pin From Net: NetName=VCC Pin=R29-2
Removed Member From Class: ClassName=PLC1_2 Member=C98
Removed Member From Class: ClassName=PLC1_2 Member=R46
Removed Member From Class: ClassName=PLC1_2 Member=R47
Removed Member From Class: ClassName=PLC1_2 Member=R48
Removed Member From Class: ClassName=PLC1_2 Member=R50
Removed Member From Class: ClassName=PLC1_3 Member=R83
Removed Member From Class: ClassName=PLC1_3 Member=R84
Removed Member From Class: ClassName=PLC1_3 Member=R85
Removed Member From Class: ClassName=PLC1_3 Member=R86
Removed Member From Class: ClassName=PLC1_3 Member=R88
Change Component Footprint: Designator=R29 Old Footprint=Res_0603 New Footprint=RES_0402
Change Component Comment : Designator=R29 Old Comment=4,7k New Comment=Res_0402
Change Component Designator: OldDesignator=C70 NewDesignator=C71
Change Component Designator: OldDesignator=C71 NewDesignator=C70
Change Component Designator: OldDesignator=DD2 NewDesignator=DD3
Change Component Designator: OldDesignator=DD3 NewDesignator=DD2
Change Component Designator: OldDesignator=R24 NewDesignator=R26
Change Component Designator: OldDesignator=R25 NewDesignator=R27
Change Component Designator: OldDesignator=R26 NewDesignator=R28
Change Component Designator: OldDesignator=R27 NewDesignator=R29
Change Component Designator: OldDesignator=R28 NewDesignator=R30
Change Component Designator: OldDesignator=R29 NewDesignator=R24
Change Component Designator: OldDesignator=R30 NewDesignator=R33
Change Component Designator: OldDesignator=R31 NewDesignator=R34
Change Component Designator: OldDesignator=R32 NewDesignator=R35
Change Component Designator: OldDesignator=R33 NewDesignator=R36
Change Component Designator: OldDesignator=R34 NewDesignator=R37
Change Component Designator: OldDesignator=R35 NewDesignator=R38
Change Component Designator: OldDesignator=R36 NewDesignator=R39
Change Component Designator: OldDesignator=R37 NewDesignator=R40
Change Component Designator: OldDesignator=R38 NewDesignator=R41
Change Component Designator: OldDesignator=R39 NewDesignator=R42
Change Component Designator: OldDesignator=R40 NewDesignator=R43
Change Component Designator: OldDesignator=R41 NewDesignator=R44
Change Component Designator: OldDesignator=R42 NewDesignator=R45
Change Component Designator: OldDesignator=R43 NewDesignator=R46
Change Component Designator: OldDesignator=R44 NewDesignator=R47
Change Component Designator: OldDesignator=R45 NewDesignator=R48
Change Component Designator: OldDesignator=R46 NewDesignator=R49
Change Component Designator: OldDesignator=R47 NewDesignator=R50
Change Component Designator: OldDesignator=R48 NewDesignator=R51
Change Component Designator: OldDesignator=R49 NewDesignator=R52
Change Component Designator: OldDesignator=R50 NewDesignator=R53
Change Component Designator: OldDesignator=R51 NewDesignator=R54
Change Component Designator: OldDesignator=R52 NewDesignator=R55
Change Component Designator: OldDesignator=R53 NewDesignator=R56
Change Component Designator: OldDesignator=R54 NewDesignator=R57
Change Component Designator: OldDesignator=R55 NewDesignator=R58
Change Component Designator: OldDesignator=R56 NewDesignator=R59
Change Component Designator: OldDesignator=R57 NewDesignator=R60
Change Component Designator: OldDesignator=R58 NewDesignator=R61
Change Component Designator: OldDesignator=R59 NewDesignator=R62
Change Component Designator: OldDesignator=R60 NewDesignator=R63
Change Component Designator: OldDesignator=R61 NewDesignator=R64
Change Component Designator: OldDesignator=R62 NewDesignator=R65
Change Component Designator: OldDesignator=R63 NewDesignator=R66
Change Component Designator: OldDesignator=R64 NewDesignator=R67
Change Component Designator: OldDesignator=R65 NewDesignator=R68
Change Component Designator: OldDesignator=R66 NewDesignator=R69
Change Component Designator: OldDesignator=R67 NewDesignator=R70
Change Component Designator: OldDesignator=R68 NewDesignator=R71
Change Component Designator: OldDesignator=R69 NewDesignator=R72
Change Component Designator: OldDesignator=R70 NewDesignator=R73
Change Component Designator: OldDesignator=R71 NewDesignator=R74
Change Component Designator: OldDesignator=R72 NewDesignator=R75
Change Component Designator: OldDesignator=R73 NewDesignator=R76
Change Component Designator: OldDesignator=R74 NewDesignator=R77
Change Component Designator: OldDesignator=R75 NewDesignator=R78
Change Component Designator: OldDesignator=R76 NewDesignator=R79
Change Component Designator: OldDesignator=R77 NewDesignator=R80
Change Component Designator: OldDesignator=R78 NewDesignator=R81
Change Component Designator: OldDesignator=R79 NewDesignator=R82
Change Component Designator: OldDesignator=R80 NewDesignator=R83
Change Component Designator: OldDesignator=R81 NewDesignator=R84
Change Component Designator: OldDesignator=R82 NewDesignator=R85
Change Component Designator: OldDesignator=R83 NewDesignator=R86
Change Component Designator: OldDesignator=R84 NewDesignator=R87
Change Component Designator: OldDesignator=R85 NewDesignator=R88
Change Component Designator: OldDesignator=R86 NewDesignator=R89
Change Component Designator: OldDesignator=R87 NewDesignator=R90
Change Component Designator: OldDesignator=R88 NewDesignator=R91
Change Component Designator: OldDesignator=R89 NewDesignator=R92
Change Component Designator: OldDesignator=R90 NewDesignator=R93
Change Component Designator: OldDesignator=R91 NewDesignator=R94
Change Component Designator: OldDesignator=R92 NewDesignator=R95
Change Component Designator: OldDesignator=R93 NewDesignator=R96
Change Component Designator: OldDesignator=R94 NewDesignator=R97
Change Component Designator: OldDesignator=R95 NewDesignator=R98
Change Component Designator: OldDesignator=R96 NewDesignator=R99
Change Component Designator: OldDesignator=R97 NewDesignator=R100
Change Component Designator: OldDesignator=R98 NewDesignator=R101
Change Component Designator: OldDesignator=R99 NewDesignator=R102
Change Component Designator: OldDesignator=R100 NewDesignator=R103
Change Component Designator: OldDesignator=R101 NewDesignator=R104
Change Component Designator: OldDesignator=R102 NewDesignator=R105
Change Component Designator: OldDesignator=R103 NewDesignator=R106
Change Component Designator: OldDesignator=R104 NewDesignator=R107
Change Component Designator: OldDesignator=R105 NewDesignator=R108
Change Component Designator: OldDesignator=R106 NewDesignator=R109
Change Component Designator: OldDesignator=R107 NewDesignator=R110
Change Component Designator: OldDesignator=R108 NewDesignator=R111
Change Component Designator: OldDesignator=R109 NewDesignator=R112
Change Component Designator: OldDesignator=R110 NewDesignator=R113
Change Component Designator: OldDesignator=R111 NewDesignator=R114
Change Component Designator: OldDesignator=R112 NewDesignator=R115
Change Component Designator: OldDesignator=R113 NewDesignator=R116
Change Component Designator: OldDesignator=R114 NewDesignator=R117
Change Component Designator: OldDesignator=R115 NewDesignator=R118
Change Component Designator: OldDesignator=R116 NewDesignator=R119
Added Component: Designator=R25(RES_0402)
Added Component: Designator=R31(Res_0603)
Added Component: Designator=R32(Res_0603)
Added Pin To Net: NetName=NetDD2_5 Pin=DD3-4
Added Pin To Net: NetName=NetDD2_5 Pin=DD3-4
Added Pin To Net: NetName=NetDD2_4 Pin=DD3-5
Added Pin To Net: NetName=NetDD2_4 Pin=DD3-5
Added Pin To Net: NetName=NetDD2_5 Pin=R19-1
Added Pin To Net: NetName=NetDD2_4 Pin=R23-1
Added Pin To Net: NetName=NetDD2_4 Pin=R24-1
Added Pin To Net: NetName=I2C4_SDA Pin=R24-2
Added Pin To Net: NetName=NetDD2_5 Pin=R25-1
Added Pin To Net: NetName=I2C4_SDA Pin=R31-1
Added Pin To Net: NetName=VCC Pin=R31-2
Added Pin To Net: NetName=VCC Pin=R32-1
Change Net Name : Old Net Name=NetC70_1 New Net Name=NetC71_1
Change Net Name : Old Net Name=NetDD2_2 New Net Name=NetDD3_2
Change Net Name : Old Net Name=NetDD2_4 New Net Name=NetDD3_5
Change Net Name : Old Net Name=NetDD2_5 New Net Name=NetDD3_4
Change Net Name : Old Net Name=NetDD3_5 New Net Name=NetDD2_5
Change Net Name : Old Net Name=NetDD3_6 New Net Name=NetDD2_6
Change Net Name : Old Net Name=NetDD3_8 New Net Name=NetDD2_8
Change Net Name : Old Net Name=NetR32_1 New Net Name=NetR35_1
Change Net Name : Old Net Name=NetR44_2 New Net Name=NetR47_2
Change Net Name : Old Net Name=NetR45_2 New Net Name=NetR48_2
Change Net Name : Old Net Name=NetR46_2 New Net Name=NetR49_2
Change Net Name : Old Net Name=NetR53_2 New Net Name=NetR56_2
Change Net Name : Old Net Name=NetR55_2 New Net Name=NetR58_2
Change Net Name : Old Net Name=NetR56_2 New Net Name=NetR59_2
Change Net Name : Old Net Name=NetR57_1 New Net Name=NetR60_1
Change Net Name : Old Net Name=NetR58_1 New Net Name=NetR61_1
Change Net Name : Old Net Name=NetR59_1 New Net Name=NetR62_1
Change Net Name : Old Net Name=NetR60_1 New Net Name=NetR63_1
Change Net Name : Old Net Name=NetR65_2 New Net Name=NetR68_2
Change Net Name : Old Net Name=NetR71_1 New Net Name=NetR74_1
Change Net Name : Old Net Name=NetR73_1 New Net Name=NetR76_1
Change Net Name : Old Net Name=NetR74_2 New Net Name=NetR77_2
Change Net Name : Old Net Name=NetR77_1 New Net Name=NetR80_1
Change Net Name : Old Net Name=NetR78_2 New Net Name=NetR81_2
Change Net Name : Old Net Name=NetR79_1 New Net Name=NetR82_1
Added Pin To Net: NetName=I2C4_SCL Pin=DD1-100
Added Pin To Net: NetName=I2C4_SCL Pin=R25-2
Added Pin To Net: NetName=I2C4_SCL Pin=R32-2
Added Net: Name=I2C4_SCL
Added Member To Class: ClassName=PLC1_2 Member=Component C80 100p
Added Member To Class: ClassName=PLC1_3 Member=Component C98 0.1uF
Added Member To Class: ClassName=PLC1_3 Member=Component C100 0.1uF
Added Member To Class: ClassName=PLC1_2 Member=Component R16 Res_0402
Added Member To Class: ClassName=PLC1_2 Member=Component R17 Res_0402
Added Member To Class: ClassName=PLC1_2 Member=Component R19 Res_0402
Added Member To Class: ClassName=PLC1_2 Member=Component R23 Res_0402
Added Member To Class: ClassName=PLC1_2 Member=Component R25 Res_0402
Added Member To Class: ClassName=PLC1_2 Member=Component R26 4,7k
Added Member To Class: ClassName=PLC1_2 Member=Component R29 4,7k
Added Member To Class: ClassName=PLC1_2 Member=Component R42 51k
Added Member To Class: ClassName=PLC1_2 Member=Component R43 51k
Added Member To Class: ClassName=PLC1_3 Member=Component R45 10k
Added Member To Class: ClassName=PLC1_3 Member=Component R58 22
Added Member To Class: ClassName=PLC1_3 Member=Component R59 22
Added Member To Class: ClassName=PLC1_3 Member=Component R60 4,7k
Added Member To Class: ClassName=PLC1_3 Member=Component R61 4,7k
Added Member To Class: ClassName=PLC1_3 Member=Component R65 51k
Added Member To Class: ClassName=PLC1_3 Member=Component R70 390
Added Member To Class: ClassName=PLC1_3 Member=Component R74 Res_1206
Added Member To Class: ClassName=PLC1_3 Member=Component R76 Res_1206
Added Member To Class: ClassName=PLC1_3 Member=Component R81 22
Added Member To Class: ClassName=PLC1_4 Member=Component R83 Res_0402
Added Member To Class: ClassName=PLC1_4 Member=Component R84 Res_0402
Added Member To Class: ClassName=PLC1_4 Member=Component R85 Res_0402
Added Member To Class: ClassName=PLC1_4 Member=Component R86 Res_0402
Added Member To Class: ClassName=PLC1_4 Member=Component R117 75
Added Member To Class: ClassName=PLC1_4 Member=Component R118 75
Added Member To Class: ClassName=PLC1_4 Member=Component R119 75
Added Member To Class: ClassName=PLC1_3 Member=Component VT3 N-CHAN_SOT-23
