Change Component Designator: OldDesignator=R27 NewDesignator=R38
Change Component Designator: OldDesignator=R28 NewDesignator=R27
Change Component Designator: OldDesignator=R29 NewDesignator=R32
Change Component Designator: OldDesignator=R30 NewDesignator=R33
Change Component Designator: OldDesignator=R31 NewDesignator=R34
Change Component Designator: OldDesignator=R32 NewDesignator=R35
Change Component Designator: OldDesignator=R33 NewDesignator=R37
Change Component Designator: OldDesignator=R34 NewDesignator=R39
Change Component Designator: OldDesignator=R35 NewDesignator=R40
Change Component Designator: OldDesignator=R36 NewDesignator=R41
Change Component Designator: OldDesignator=R37 NewDesignator=R42
Change Component Designator: OldDesignator=R38 NewDesignator=R43
Change Component Designator: OldDesignator=R39 NewDesignator=R44
Change Component Designator: OldDesignator=R40 NewDesignator=R45
Change Component Designator: OldDesignator=R41 NewDesignator=R46
Change Component Designator: OldDesignator=R42 NewDesignator=R47
Change Component Designator: OldDesignator=R43 NewDesignator=R48
Change Component Designator: OldDesignator=R44 NewDesignator=R49
Change Component Designator: OldDesignator=R45 NewDesignator=R50
Change Component Designator: OldDesignator=R46 NewDesignator=R51
Change Component Designator: OldDesignator=R47 NewDesignator=R52
Change Component Designator: OldDesignator=R48 NewDesignator=R53
Change Component Designator: OldDesignator=R49 NewDesignator=R54
Change Component Designator: OldDesignator=R50 NewDesignator=R55
Change Component Designator: OldDesignator=R51 NewDesignator=R56
Change Component Designator: OldDesignator=R52 NewDesignator=R57
Change Component Designator: OldDesignator=R53 NewDesignator=R58
Change Component Designator: OldDesignator=R54 NewDesignator=R59
Change Component Designator: OldDesignator=R55 NewDesignator=R60
Change Component Designator: OldDesignator=R56 NewDesignator=R61
Change Component Designator: OldDesignator=R57 NewDesignator=R62
Change Component Designator: OldDesignator=R58 NewDesignator=R63
Change Component Designator: OldDesignator=R59 NewDesignator=R64
Change Component Designator: OldDesignator=R60 NewDesignator=R65
Change Component Designator: OldDesignator=R61 NewDesignator=R66
Change Component Designator: OldDesignator=R62 NewDesignator=R67
Change Component Designator: OldDesignator=R63 NewDesignator=R68
Change Component Designator: OldDesignator=R64 NewDesignator=R69
Change Component Designator: OldDesignator=R65 NewDesignator=R70
Change Component Designator: OldDesignator=R66 NewDesignator=R71
Change Component Designator: OldDesignator=R67 NewDesignator=R72
Change Component Designator: OldDesignator=R68 NewDesignator=R73
Change Component Designator: OldDesignator=R69 NewDesignator=R74
Change Component Designator: OldDesignator=R70 NewDesignator=R75
Change Component Designator: OldDesignator=R71 NewDesignator=R76
Change Component Designator: OldDesignator=R72 NewDesignator=R77
Change Component Designator: OldDesignator=R73 NewDesignator=R78
Change Component Designator: OldDesignator=R74 NewDesignator=R79
Change Component Designator: OldDesignator=R75 NewDesignator=R80
Change Component Designator: OldDesignator=R76 NewDesignator=R81
Change Component Designator: OldDesignator=R77 NewDesignator=R82
Change Component Designator: OldDesignator=R78 NewDesignator=R83
Change Component Designator: OldDesignator=R79 NewDesignator=R84
Change Component Designator: OldDesignator=R80 NewDesignator=R85
Change Component Designator: OldDesignator=R81 NewDesignator=R86
Change Component Designator: OldDesignator=R82 NewDesignator=R87
Change Component Designator: OldDesignator=R83 NewDesignator=R88
Change Component Designator: OldDesignator=R84 NewDesignator=R89
Change Component Designator: OldDesignator=R85 NewDesignator=R90
Change Component Designator: OldDesignator=R86 NewDesignator=R91
Change Component Designator: OldDesignator=R87 NewDesignator=R92
Change Component Designator: OldDesignator=R88 NewDesignator=R93
Change Component Designator: OldDesignator=R89 NewDesignator=R94
Change Component Designator: OldDesignator=R90 NewDesignator=R95
Change Component Designator: OldDesignator=R91 NewDesignator=R96
Change Component Designator: OldDesignator=R92 NewDesignator=R97
Change Component Designator: OldDesignator=R93 NewDesignator=R98
Change Component Designator: OldDesignator=R94 NewDesignator=R99
Change Component Designator: OldDesignator=R95 NewDesignator=R100
Change Component Designator: OldDesignator=R96 NewDesignator=R101
Change Component Designator: OldDesignator=R97 NewDesignator=R102
Change Component Designator: OldDesignator=R98 NewDesignator=R103
Change Component Designator: OldDesignator=R99 NewDesignator=R104
Change Component Designator: OldDesignator=R100 NewDesignator=R105
Change Component Designator: OldDesignator=R101 NewDesignator=R106
Change Component Designator: OldDesignator=R102 NewDesignator=R107
Change Component Designator: OldDesignator=R103 NewDesignator=R108
Change Component Designator: OldDesignator=R104 NewDesignator=R109
Change Component Designator: OldDesignator=R105 NewDesignator=R110
Change Component Designator: OldDesignator=R106 NewDesignator=R111
Change Component Designator: OldDesignator=R107 NewDesignator=R112
Change Component Designator: OldDesignator=R108 NewDesignator=R113
Change Component Designator: OldDesignator=R109 NewDesignator=R114
Change Component Designator: OldDesignator=R110 NewDesignator=R115
Added Component: Designator=R28(RES_0603)
Added Component: Designator=R29(RES_0603)
Added Component: Designator=R30(RES_0603)
Added Component: Designator=R31(RES_0603)
Added Component: Designator=R36(RES_0603)
Added Pin To Net: NetName=VCC Pin=R28-1
Added Pin To Net: NetName=CDMMC1_D0 Pin=R28-2
Added Pin To Net: NetName=VCC Pin=R29-1
Added Pin To Net: NetName=CDMMC1_D1 Pin=R29-2
Added Pin To Net: NetName=VCC Pin=R30-1
Added Pin To Net: NetName=CDMMC1_D2 Pin=R30-2
Added Pin To Net: NetName=VCC Pin=R31-1
Added Pin To Net: NetName=CDMMC1_D3 Pin=R31-2
Added Pin To Net: NetName=VCC Pin=R36-1
Added Pin To Net: NetName=CDMMC1_CMD Pin=R36-2
Change Net Name : Old Net Name=NetR41_2 New Net Name=NetR46_2
Change Net Name : Old Net Name=NetR42_2 New Net Name=NetR47_2
Change Net Name : Old Net Name=NetR43_2 New Net Name=NetR48_2
Change Net Name : Old Net Name=NetR51_2 New Net Name=NetR56_2
Change Net Name : Old Net Name=NetR53_2 New Net Name=NetR58_2
Change Net Name : Old Net Name=NetR54_2 New Net Name=NetR59_2
Change Net Name : Old Net Name=NetR55_1 New Net Name=NetR60_1
Change Net Name : Old Net Name=NetR56_1 New Net Name=NetR61_1
Change Net Name : Old Net Name=NetR57_1 New Net Name=NetR62_1
Change Net Name : Old Net Name=NetR58_1 New Net Name=NetR63_1
Change Net Name : Old Net Name=NetR67_1 New Net Name=NetR72_1
Change Net Name : Old Net Name=NetR69_1 New Net Name=NetR74_1
Change Net Name : Old Net Name=NetR70_2 New Net Name=NetR75_2
Change Net Name : Old Net Name=NetR72_1 New Net Name=NetR77_1
Change Net Name : Old Net Name=NetR73_2 New Net Name=NetR78_2
Change Net Name : Old Net Name=NetR74_1 New Net Name=NetR79_1
Added Member To Class: ClassName=PLC1_2 Member=Component R39 Res_0402
Added Member To Class: ClassName=PLC1_2 Member=Component R40 Res_0402
Added Member To Class: ClassName=PLC1_2 Member=Component R41 Res_0402
Added Member To Class: ClassName=PLC1_2 Member=Component R42 Res_0402
Added Member To Class: ClassName=PLC1_2 Member=Component R43 4,7k
Added Member To Class: ClassName=PLC1_2 Member=Component XP1 Connectror 6pin CI1106M1V
Added Member To Class: ClassName=PLC1_3 Member=Component XP2 640457-6
