Removed Pin From Net: NetName=VCC Pin=R46-1
Removed Pin From Net: NetName=CDMMC1_DETECT Pin=R46-2
Removed Pin From Net: NetName=GND Pin=XS3-9
Removed Pin From Net: NetName=CDMMC1_DETECT Pin=XS3-10
Removed Member From Class: ClassName=PLC1_2 Member=R47
Removed Member From Class: ClassName=PLC1_2 Member=R52
Removed Member From Class: ClassName=PLC1_3 Member=R85
Removed Member From Class: ClassName=PLC1_3 Member=R88
Change Component Footprint: Designator=R46 Old Footprint=RES_0603 New Footprint=microSD-8-cf
Change Component Comment : Designator=R46 Old Comment=4,7k New Comment=microSD-8-CF
Change Component Designator: OldDesignator=R46 NewDesignator=XS4
Change Component Designator: OldDesignator=R47 NewDesignator=R46
Change Component Designator: OldDesignator=R48 NewDesignator=R47
Change Component Designator: OldDesignator=R49 NewDesignator=R48
Change Component Designator: OldDesignator=R50 NewDesignator=R49
Change Component Designator: OldDesignator=R51 NewDesignator=R50
Change Component Designator: OldDesignator=R52 NewDesignator=R51
Change Component Designator: OldDesignator=R53 NewDesignator=R52
Change Component Designator: OldDesignator=R54 NewDesignator=R53
Change Component Designator: OldDesignator=R55 NewDesignator=R54
Change Component Designator: OldDesignator=R56 NewDesignator=R55
Change Component Designator: OldDesignator=R57 NewDesignator=R56
Change Component Designator: OldDesignator=R58 NewDesignator=R57
Change Component Designator: OldDesignator=R59 NewDesignator=R58
Change Component Designator: OldDesignator=R60 NewDesignator=R59
Change Component Designator: OldDesignator=R61 NewDesignator=R60
Change Component Designator: OldDesignator=R62 NewDesignator=R61
Change Component Designator: OldDesignator=R63 NewDesignator=R62
Change Component Designator: OldDesignator=R64 NewDesignator=R63
Change Component Designator: OldDesignator=R65 NewDesignator=R64
Change Component Designator: OldDesignator=R66 NewDesignator=R65
Change Component Designator: OldDesignator=R67 NewDesignator=R66
Change Component Designator: OldDesignator=R68 NewDesignator=R67
Change Component Designator: OldDesignator=R69 NewDesignator=R68
Change Component Designator: OldDesignator=R70 NewDesignator=R69
Change Component Designator: OldDesignator=R71 NewDesignator=R70
Change Component Designator: OldDesignator=R72 NewDesignator=R71
Change Component Designator: OldDesignator=R73 NewDesignator=R72
Change Component Designator: OldDesignator=R74 NewDesignator=R73
Change Component Designator: OldDesignator=R75 NewDesignator=R74
Change Component Designator: OldDesignator=R76 NewDesignator=R75
Change Component Designator: OldDesignator=R77 NewDesignator=R76
Change Component Designator: OldDesignator=R78 NewDesignator=R77
Change Component Designator: OldDesignator=R79 NewDesignator=R78
Change Component Designator: OldDesignator=R80 NewDesignator=R79
Change Component Designator: OldDesignator=R81 NewDesignator=R80
Change Component Designator: OldDesignator=R82 NewDesignator=R81
Change Component Designator: OldDesignator=R83 NewDesignator=R82
Change Component Designator: OldDesignator=R84 NewDesignator=R83
Change Component Designator: OldDesignator=R85 NewDesignator=R84
Change Component Designator: OldDesignator=R86 NewDesignator=R85
Change Component Designator: OldDesignator=R87 NewDesignator=R86
Change Component Designator: OldDesignator=R88 NewDesignator=R87
Change Component Designator: OldDesignator=R89 NewDesignator=R88
Change Component Designator: OldDesignator=R90 NewDesignator=R89
Change Component Designator: OldDesignator=R91 NewDesignator=R90
Change Component Designator: OldDesignator=R92 NewDesignator=R91
Change Component Designator: OldDesignator=R93 NewDesignator=R92
Change Component Designator: OldDesignator=R94 NewDesignator=R93
Change Component Designator: OldDesignator=R95 NewDesignator=R94
Change Component Designator: OldDesignator=R96 NewDesignator=R95
Change Component Designator: OldDesignator=R97 NewDesignator=R96
Change Component Designator: OldDesignator=R98 NewDesignator=R97
Change Component Designator: OldDesignator=R99 NewDesignator=R98
Change Component Designator: OldDesignator=R100 NewDesignator=R99
Change Component Designator: OldDesignator=R101 NewDesignator=R100
Change Component Designator: OldDesignator=R102 NewDesignator=R101
Change Component Designator: OldDesignator=R103 NewDesignator=R102
Change Component Designator: OldDesignator=R104 NewDesignator=R103
Change Component Designator: OldDesignator=R105 NewDesignator=R104
Change Component Designator: OldDesignator=R106 NewDesignator=R105
Change Component Designator: OldDesignator=R107 NewDesignator=R106
Change Component Designator: OldDesignator=R108 NewDesignator=R107
Change Component Designator: OldDesignator=R109 NewDesignator=R108
Change Component Designator: OldDesignator=R110 NewDesignator=R109
Change Component Designator: OldDesignator=R111 NewDesignator=R110
Change Component Designator: OldDesignator=R112 NewDesignator=R111
Change Component Designator: OldDesignator=R113 NewDesignator=R112
Change Component Designator: OldDesignator=R114 NewDesignator=R113
Change Component Designator: OldDesignator=R115 NewDesignator=R114
Change Component Designator: OldDesignator=R116 NewDesignator=R115
Change Component Designator: OldDesignator=R117 NewDesignator=R116
Change Component Designator: OldDesignator=R118 NewDesignator=R117
Change Component Designator: OldDesignator=R119 NewDesignator=R118
Change Component Designator: OldDesignator=R120 NewDesignator=R119
Change Component Designator: OldDesignator=R121 NewDesignator=R120
Change Component Designator: OldDesignator=R122 NewDesignator=R121
Change Component Designator: OldDesignator=R123 NewDesignator=R122
Change Component Designator: OldDesignator=R124 NewDesignator=R123
Change Component Designator: OldDesignator=R125 NewDesignator=R124
Change Component Designator: OldDesignator=XS4 NewDesignator=XS5
Change Component Designator: OldDesignator=XS5 NewDesignator=XS6
Change Component Designator: OldDesignator=XS6 NewDesignator=XS7
Change Component Designator: OldDesignator=XS7 NewDesignator=XS8
Change Component Designator: OldDesignator=XS8 NewDesignator=XS9
Change Component Designator: OldDesignator=XS9 NewDesignator=XS10
Change Net Name : Old Net Name=NetR49_2 New Net Name=NetR48_2
Change Net Name : Old Net Name=NetR50_2 New Net Name=NetR49_2
Change Net Name : Old Net Name=NetR51_2 New Net Name=NetR50_2
Change Net Name : Old Net Name=NetR58_2 New Net Name=NetR57_2
Change Net Name : Old Net Name=NetR60_2 New Net Name=NetR59_2
Change Net Name : Old Net Name=NetR61_2 New Net Name=NetR60_2
Change Net Name : Old Net Name=NetR62_1 New Net Name=NetR61_1
Change Net Name : Old Net Name=NetR63_1 New Net Name=NetR62_1
Change Net Name : Old Net Name=NetR64_1 New Net Name=NetR63_1
Change Net Name : Old Net Name=NetR65_1 New Net Name=NetR64_1
Change Net Name : Old Net Name=NetR70_2 New Net Name=NetR69_2
Change Net Name : Old Net Name=NetR76_1 New Net Name=NetR75_1
Change Net Name : Old Net Name=NetR78_1 New Net Name=NetR77_1
Change Net Name : Old Net Name=NetR79_2 New Net Name=NetR78_2
Change Net Name : Old Net Name=NetR82_1 New Net Name=NetR81_1
Change Net Name : Old Net Name=NetR83_2 New Net Name=NetR82_2
Change Net Name : Old Net Name=NetR84_1 New Net Name=NetR83_1
Added Member To Class: ClassName=PLC1_2 Member=Component C71 0.01uF
Added Member To Class: ClassName=PLC1_2 Member=Component R18 4,7k
Added Member To Class: ClassName=PLC1_2 Member=Component R25 Res_0402
Added Member To Class: ClassName=PLC1_2 Member=Component R37 Res_0402
Added Member To Class: ClassName=PLC1_2 Member=Component R38 10k
Added Member To Class: ClassName=PLC1_2 Member=Component R44 51k
Added Member To Class: ClassName=PLC1_2 Member=Component R45 51k
Added Member To Class: ClassName=PLC1_3 Member=Component R47 10k
Added Member To Class: ClassName=PLC1_3 Member=Component R48 120
Added Member To Class: ClassName=PLC1_3 Member=Component R57 22
Added Member To Class: ClassName=PLC1_3 Member=Component R60 22
Added Member To Class: ClassName=PLC1_3 Member=Component R70 390
Added Member To Class: ClassName=PLC1_3 Member=Component R71 390
Added Member To Class: ClassName=PLC1_3 Member=Component R74 10k
Added Member To Class: ClassName=PLC1_3 Member=Component R80 4,7k
Added Member To Class: ClassName=PLC1_4 Member=Component R84 Res_0402
Added Member To Class: ClassName=PLC1_4 Member=Component R85 Res_0402
Added Member To Class: ClassName=PLC1_4 Member=Component R108 4,7k
Added Member To Class: ClassName=PLC1_4 Member=Component R116 Res_0402
Added Member To Class: ClassName=PLC1_4 Member=Component R117 Res_0402
Added Member To Class: ClassName=PLC1_4 Member=Component R118 Res_0402
