Removed Pin From Net: NetName=I2C2_SCL Pin=DD1-100
Removed Member From Class: ClassName=PLC1_3 Member=C80
Removed Member From Class: ClassName=PLC1_2 Member=C98
Removed Member From Class: ClassName=PLC1_3 Member=R39
Removed Member From Class: ClassName=PLC1_2 Member=R44
Removed Member From Class: ClassName=PLC1_2 Member=R46
Removed Member From Class: ClassName=PLC1_2 Member=R47
Removed Member From Class: ClassName=PLC1_2 Member=R48
Removed Member From Class: ClassName=PLC1_2 Member=R50
Removed Member From Class: ClassName=PLC1_3 Member=R85
Removed Member From Class: ClassName=PLC1_3 Member=R89
Removed Member From Class: ClassName=PLC1_3 Member=R93
Removed Member From Class: ClassName=PLC1_3 Member=R98
Removed Member From Class: ClassName=PLC1_3 Member=R101
Removed Member From Class: ClassName=PLC1_3 Member=R104
Change Component Designator: OldDesignator=-7V NewDesignator=TP8
Change Component Designator: OldDesignator=1,8VA NewDesignator=TP5
Change Component Designator: OldDesignator=1,8VD NewDesignator=TP6
Change Component Designator: OldDesignator=5V NewDesignator=TP2
Change Component Designator: OldDesignator=10,4V NewDesignator=TP1
Change Component Designator: OldDesignator=16V NewDesignator=TP7
Added Member To Class: ClassName=PLC1_2 Member=Component C80 100p
Added Member To Class: ClassName=PLC1_3 Member=Component C98 0.1uF
Added Member To Class: ClassName=PLC1_2 Member=Component R16 Res_0402
Added Member To Class: ClassName=PLC1_2 Member=Component R17 Res_0402
Added Member To Class: ClassName=PLC1_2 Member=Component R23 Res_0402
Added Member To Class: ClassName=PLC1_2 Member=Component R29 4,7k
Added Member To Class: ClassName=PLC1_3 Member=Component R65 390
Added Member To Class: ClassName=PLC1_3 Member=Component R70 10k
Added Member To Class: ClassName=PLC1_3 Member=Component R73 Res_1206
Added Member To Class: ClassName=PLC1_3 Member=Component R75 4,7k
Added Member To Class: ClassName=PLC1_3 Member=Component R76 4,7k
Added Member To Class: ClassName=PLC1_3 Member=Component R79 390
Added Member To Class: ClassName=PLC1_4 Member=Component R81 Res_0402
Added Member To Class: ClassName=PLC1_4 Member=Component R82 Res_0402
Added Member To Class: ClassName=PLC1_4 Member=Component R86 Res_0402
Added Member To Class: ClassName=PLC1 Member=Component TP1 JUMPER
Added Member To Class: ClassName=PLC1 Member=Component TP2 JUMPER
Added Member To Class: ClassName=PLC1 Member=Component TP5 JUMPER
Added Member To Class: ClassName=PLC1 Member=Component TP6 JUMPER
Added Member To Class: ClassName=PLC1 Member=Component TP7 JUMPER
Added Member To Class: ClassName=PLC1 Member=Component TP8 JUMPER
Added Member To Class: ClassName=PLC1_3 Member=Component VT3 N-CHAN_SOT-23
Added Member To Class: ClassName=PLC1_3 Member=Component XS4 522711079
